2025-12-23 07:57:38,779 - Request error during XSS test: ('Connection aborted.', ConnectionResetError(10054, 'An existing connection was forcibly closed by the remote host', None, 10054, None))
2025-12-23 08:03:09,867 - Attempting WAF bypass using: X-Forwarded Headers on http://target.com/admin
2025-12-23 08:03:10,506 - Request error during WAF bypass with X-Forwarded Headers: 404 Client Error: Not Found for url: https://www.target.com/admin
2025-12-23 08:03:10,506 - Attempting WAF bypass using: X-Originating-IP on http://target.com/admin
2025-12-23 08:03:11,214 - Request error during WAF bypass with X-Originating-IP: 404 Client Error: Not Found for url: https://www.target.com/admin
2025-12-23 08:03:11,214 - Attempting WAF bypass using: X-Client-IP on http://target.com/admin
2025-12-23 08:03:11,842 - Request error during WAF bypass with X-Client-IP: 404 Client Error: Not Found for url: https://www.target.com/admin
2025-12-23 08:03:11,842 - Attempting WAF bypass using: Custom User-Agent on http://target.com/admin
2025-12-23 08:03:12,456 - Request error during WAF bypass with Custom User-Agent: 404 Client Error: Not Found for url: https://www.target.com/admin
2025-12-23 08:03:12,456 - Attempting WAF bypass using: Referer Bypass on http://target.com/admin
2025-12-23 08:03:13,485 - Request error during WAF bypass with Referer Bypass: 404 Client Error: Not Found for url: https://www.target.com/admin
2025-12-23 08:03:13,486 - All WAF bypass techniques failed for http://target.com/admin
2025-12-23 08:03:13,487 - Downloading wordlist from https://example.com/wordlist.txt
2025-12-23 08:03:14,002 - Request error while downloading wordlist: 404 Client Error: Not Found for url: https://example.com/wordlist.txt
2025-12-23 08:03:14,004 - Sending Telegram notification to chat_id: chat_id
2025-12-23 08:03:14,647 - Request error while sending Telegram notification: 404 Client Error: Not Found for url: https://api.telegram.org/botbot_token/sendMessage
2025-12-23 08:04:33,500 - Attempting WAF bypass using: X-Forwarded Headers on http://target.com/admin
2025-12-23 08:04:34,120 - Request error during WAF bypass with X-Forwarded Headers: 404 Client Error: Not Found for url: https://www.target.com/admin
2025-12-23 08:04:34,121 - Attempting WAF bypass using: X-Originating-IP on http://target.com/admin
2025-12-23 08:04:34,742 - Request error during WAF bypass with X-Originating-IP: 404 Client Error: Not Found for url: https://www.target.com/admin
2025-12-23 08:04:34,743 - Attempting WAF bypass using: X-Client-IP on http://target.com/admin
2025-12-23 08:04:35,350 - Request error during WAF bypass with X-Client-IP: 404 Client Error: Not Found for url: https://www.target.com/admin
2025-12-23 08:04:35,350 - Attempting WAF bypass using: Custom User-Agent on http://target.com/admin
2025-12-23 08:04:35,950 - Request error during WAF bypass with Custom User-Agent: 404 Client Error: Not Found for url: https://www.target.com/admin
2025-12-23 08:04:35,950 - Attempting WAF bypass using: Referer Bypass on http://target.com/admin
2025-12-23 08:04:36,552 - Request error during WAF bypass with Referer Bypass: 404 Client Error: Not Found for url: https://www.target.com/admin
2025-12-23 08:04:36,552 - All WAF bypass techniques failed for http://target.com/admin
2025-12-23 08:04:36,553 - Downloading wordlist from https://example.com/wordlist.txt
2025-12-23 08:04:36,824 - Request error while downloading wordlist: 404 Client Error: Not Found for url: https://example.com/wordlist.txt
2025-12-23 08:04:36,828 - Sending Telegram notification to chat_id: chat_id
2025-12-23 08:04:37,398 - Request error while sending Telegram notification: 404 Client Error: Not Found for url: https://api.telegram.org/botbot_token/sendMessage
2025-12-23 08:07:26,851 - ============================================================
2025-12-23 08:07:26,851 - Starting Ultimate Web Penetration Testing
2025-12-23 08:07:26,851 - Target: http://target.com
2025-12-23 08:07:26,851 - ============================================================
2025-12-23 08:07:26,851 - Wordlist update disabled
2025-12-23 08:07:26,851 - Enumerating endpoints...
2025-12-23 08:07:26,851 - Starting endpoint enumeration for http://target.com
2025-12-23 08:07:26,908 - Endpoint found: http://target.com/admin - Status: 301 - Redirect to https://target.com/admin | Server: Varnish
2025-12-23 08:07:27,178 - Endpoint found: http://target.com/administrator - Status: 301 - Redirect to https://target.com/administrator | Server: Varnish
2025-12-23 08:07:27,249 - Endpoint found: http://target.com/admin.php - Status: 301 - Redirect to https://target.com/admin.php | Server: Varnish
2025-12-23 08:07:27,299 - Endpoint found: http://target.com/admin/login - Status: 301 - Redirect to https://target.com/admin/login | Server: Varnish
2025-12-23 08:07:27,347 - Endpoint found: http://target.com/admin/dashboard - Status: 301 - Redirect to https://target.com/admin/dashboard | Server: Varnish
2025-12-23 08:07:27,407 - Endpoint found: http://target.com/wp-admin - Status: 301 - Redirect to https://target.com/wp-admin | Server: Varnish
2025-12-23 08:07:27,469 - Endpoint found: http://target.com/cpanel - Status: 301 - Redirect to https://target.com/cpanel | Server: Varnish
2025-12-23 08:07:27,518 - Endpoint found: http://target.com/phpmyadmin - Status: 301 - Redirect to https://target.com/phpmyadmin | Server: Varnish
2025-12-23 08:07:27,577 - Endpoint found: http://target.com/adminer - Status: 301 - Redirect to https://target.com/adminer | Server: Varnish
2025-12-23 08:07:27,720 - Endpoint found: http://target.com/adminpanel - Status: 301 - Redirect to https://target.com/adminpanel | Server: Varnish
2025-12-23 08:07:27,854 - Endpoint found: http://target.com/login - Status: 301 - Redirect to https://target.com/login | Server: Varnish
2025-12-23 08:07:27,964 - Endpoint found: http://target.com/signin - Status: 301 - Redirect to https://target.com/signin | Server: Varnish
2025-12-23 08:07:28,130 - Endpoint found: http://target.com/login.php - Status: 301 - Redirect to https://target.com/login.php | Server: Varnish
2025-12-23 08:07:28,218 - Endpoint found: http://target.com/auth - Status: 301 - Redirect to https://target.com/auth | Server: Varnish
2025-12-23 08:07:28,360 - Endpoint found: http://target.com/authenticate - Status: 301 - Redirect to https://target.com/authenticate | Server: Varnish
2025-12-23 08:07:28,484 - Endpoint found: http://target.com/user/login - Status: 301 - Redirect to https://target.com/user/login | Server: Varnish
2025-12-23 08:07:28,624 - Endpoint found: http://target.com/account/login - Status: 301 - Redirect to https://target.com/account/login | Server: Varnish
2025-12-23 08:07:28,768 - Endpoint found: http://target.com/users/login - Status: 301 - Redirect to https://target.com/users/login | Server: Varnish
2025-12-23 08:07:28,902 - Endpoint found: http://target.com/session/new - Status: 301 - Redirect to https://target.com/session/new | Server: Varnish
2025-12-23 08:07:29,045 - Endpoint found: http://target.com/sign-in - Status: 301 - Redirect to https://target.com/sign-in | Server: Varnish
2025-12-23 08:07:29,180 - Endpoint found: http://target.com/dashboard - Status: 301 - Redirect to https://target.com/dashboard | Server: Varnish
2025-12-23 08:07:29,416 - Endpoint found: http://target.com/panel - Status: 301 - Redirect to https://target.com/panel | Server: Varnish
2025-12-23 08:07:29,623 - Endpoint found: http://target.com/console - Status: 301 - Redirect to https://target.com/console | Server: Varnish
2025-12-23 08:07:29,740 - Endpoint found: http://target.com/home - Status: 301 - Redirect to https://target.com/home | Server: Varnish
2025-12-23 08:07:29,888 - Endpoint found: http://target.com/portal - Status: 301 - Redirect to https://target.com/portal | Server: Varnish
2025-12-23 08:07:30,029 - Endpoint found: http://target.com/api - Status: 301 - Redirect to https://target.com/api | Server: Varnish
2025-12-23 08:07:30,118 - Endpoint found: http://target.com/api/v1 - Status: 301 - Redirect to https://target.com/api/v1 | Server: Varnish
2025-12-23 08:07:30,234 - Endpoint found: http://target.com/api/v2 - Status: 301 - Redirect to https://target.com/api/v2 | Server: Varnish
2025-12-23 08:07:30,360 - Endpoint found: http://target.com/rest - Status: 301 - Redirect to https://target.com/rest | Server: Varnish
2025-12-23 08:07:30,547 - Endpoint found: http://target.com/graphql - Status: 301 - Redirect to https://target.com/graphql | Server: Varnish
2025-12-23 08:07:30,738 - Endpoint found: http://target.com/api/users - Status: 301 - Redirect to https://target.com/api/users | Server: Varnish
2025-12-23 08:07:30,834 - Endpoint found: http://target.com/api/auth - Status: 301 - Redirect to https://target.com/api/auth | Server: Varnish
2025-12-23 08:07:30,944 - Endpoint found: http://target.com/config - Status: 301 - Redirect to https://target.com/config | Server: Varnish
2025-12-23 08:07:31,077 - Endpoint found: http://target.com/debug - Status: 301 - Redirect to https://target.com/debug | Server: Varnish
2025-12-23 08:07:31,201 - Endpoint found: http://target.com/test - Status: 301 - Redirect to https://target.com/test | Server: Varnish
2025-12-23 08:07:31,315 - Endpoint found: http://target.com/phpinfo.php - Status: 301 - Redirect to https://target.com/phpinfo.php | Server: Varnish
2025-12-23 08:07:31,448 - Endpoint found: http://target.com/.env - Status: 301 - Redirect to https://target.com/.env | Server: Varnish
2025-12-23 08:07:31,577 - Endpoint found: http://target.com/config.php - Status: 301 - Redirect to https://target.com/config.php | Server: Varnish
2025-12-23 08:07:31,700 - Endpoint found: http://target.com/settings - Status: 301 - Redirect to https://target.com/settings | Server: Varnish
2025-12-23 08:07:31,786 - Endpoint found: http://target.com/configuration - Status: 301 - Redirect to https://target.com/configuration | Server: Varnish
2025-12-23 08:07:31,905 - Endpoint found: http://target.com/robots.txt - Status: 301 - Redirect to https://target.com/robots.txt | Server: Varnish
2025-12-23 08:07:31,994 - Endpoint found: http://target.com/sitemap.xml - Status: 301 - Redirect to https://target.com/sitemap.xml | Server: Varnish
2025-12-23 08:07:32,089 - Endpoint found: http://target.com/.git/config - Status: 301 - Redirect to https://target.com/.git/config | Server: Varnish
2025-12-23 08:07:32,238 - Endpoint found: http://target.com/.htaccess - Status: 301 - Redirect to https://target.com/.htaccess | Server: Varnish
2025-12-23 08:07:32,426 - Endpoint found: http://target.com/web.config - Status: 301 - Redirect to https://target.com/web.config | Server: Varnish
2025-12-23 08:07:32,480 - Endpoint found: http://target.com/composer.json - Status: 301 - Redirect to https://target.com/composer.json | Server: Varnish
2025-12-23 08:07:32,545 - Endpoint found: http://target.com/package.json - Status: 301 - Redirect to https://target.com/package.json | Server: Varnish
2025-12-23 08:07:32,627 - Endpoint found: http://target.com/db - Status: 301 - Redirect to https://target.com/db | Server: Varnish
2025-12-23 08:07:32,796 - Endpoint found: http://target.com/database - Status: 301 - Redirect to https://target.com/database | Server: Varnish
2025-12-23 08:07:32,929 - Endpoint found: http://target.com/mysql - Status: 301 - Redirect to https://target.com/mysql | Server: Varnish
2025-12-23 08:07:33,050 - Endpoint found: http://target.com/phpmyadmin - Status: 301 - Redirect to https://target.com/phpmyadmin | Server: Varnish
2025-12-23 08:07:33,233 - Endpoint found: http://target.com/adminer.php - Status: 301 - Redirect to https://target.com/adminer.php | Server: Varnish
2025-12-23 08:07:33,336 - Endpoint found: http://target.com/backup - Status: 301 - Redirect to https://target.com/backup | Server: Varnish
2025-12-23 08:07:33,462 - Endpoint found: http://target.com/backups - Status: 301 - Redirect to https://target.com/backups | Server: Varnish
2025-12-23 08:07:33,579 - Endpoint found: http://target.com/backup.sql - Status: 301 - Redirect to https://target.com/backup.sql | Server: Varnish
2025-12-23 08:07:33,697 - Endpoint found: http://target.com/dump.sql - Status: 301 - Redirect to https://target.com/dump.sql | Server: Varnish
2025-12-23 08:07:33,845 - Endpoint found: http://target.com/backup.zip - Status: 301 - Redirect to https://target.com/backup.zip | Server: Varnish
2025-12-23 08:07:33,973 - Endpoint found: http://target.com/upload - Status: 301 - Redirect to https://target.com/upload | Server: Varnish
2025-12-23 08:07:34,060 - Endpoint found: http://target.com/uploads - Status: 301 - Redirect to https://target.com/uploads | Server: Varnish
2025-12-23 08:07:34,236 - Endpoint found: http://target.com/files - Status: 301 - Redirect to https://target.com/files | Server: Varnish
2025-12-23 08:07:34,379 - Endpoint found: http://target.com/media - Status: 301 - Redirect to https://target.com/media | Server: Varnish
2025-12-23 08:07:34,537 - Endpoint found: http://target.com/images - Status: 301 - Redirect to https://target.com/images | Server: Varnish
2025-12-23 08:07:34,736 - Endpoint found: http://target.com/assets - Status: 301 - Redirect to https://target.com/assets | Server: Varnish
2025-12-23 08:07:34,736 - Enumeration complete. Found 63 interesting endpoints
2025-12-23 08:07:34,736 - Found 63 interesting endpoints
2025-12-23 08:07:34,736 - Testing for SQL injection vulnerabilities...
2025-12-23 08:07:42,857 - 

[!] Interrupted by user
2025-12-23 08:07:43,004 - Testing for SQL injection vulnerabilities...
2025-12-23 08:07:48,970 - 

[!] Interrupted by user
2025-12-23 08:07:49,109 - ============================================================
2025-12-23 08:07:49,109 - Starting Ultimate Web Penetration Testing
2025-12-23 08:07:49,109 - Target: http://target.com
2025-12-23 08:07:49,109 - ============================================================
2025-12-23 08:07:49,109 - Wordlist update disabled
2025-12-23 08:07:49,109 - Enumerating endpoints...
2025-12-23 08:07:49,109 - Starting endpoint enumeration for http://target.com
2025-12-23 08:07:49,161 - Endpoint found: http://target.com/admin - Status: 301 - Redirect to https://target.com/admin | Server: Varnish
2025-12-23 08:07:49,207 - Endpoint found: http://target.com/administrator - Status: 301 - Redirect to https://target.com/administrator | Server: Varnish
2025-12-23 08:07:49,261 - Endpoint found: http://target.com/admin.php - Status: 301 - Redirect to https://target.com/admin.php | Server: Varnish
2025-12-23 08:07:49,317 - Endpoint found: http://target.com/admin/login - Status: 301 - Redirect to https://target.com/admin/login | Server: Varnish
2025-12-23 08:07:49,367 - Endpoint found: http://target.com/admin/dashboard - Status: 301 - Redirect to https://target.com/admin/dashboard | Server: Varnish
2025-12-23 08:07:49,412 - Endpoint found: http://target.com/wp-admin - Status: 301 - Redirect to https://target.com/wp-admin | Server: Varnish
2025-12-23 08:07:49,465 - Endpoint found: http://target.com/cpanel - Status: 301 - Redirect to https://target.com/cpanel | Server: Varnish
2025-12-23 08:07:49,523 - Endpoint found: http://target.com/phpmyadmin - Status: 301 - Redirect to https://target.com/phpmyadmin | Server: Varnish
2025-12-23 08:07:49,576 - Endpoint found: http://target.com/adminer - Status: 301 - Redirect to https://target.com/adminer | Server: Varnish
2025-12-23 08:07:49,624 - Endpoint found: http://target.com/adminpanel - Status: 301 - Redirect to https://target.com/adminpanel | Server: Varnish
2025-12-23 08:07:49,678 - Endpoint found: http://target.com/login - Status: 301 - Redirect to https://target.com/login | Server: Varnish
2025-12-23 08:07:49,728 - Endpoint found: http://target.com/signin - Status: 301 - Redirect to https://target.com/signin | Server: Varnish
2025-12-23 08:07:49,791 - Endpoint found: http://target.com/login.php - Status: 301 - Redirect to https://target.com/login.php | Server: Varnish
2025-12-23 08:07:49,842 - Endpoint found: http://target.com/auth - Status: 301 - Redirect to https://target.com/auth | Server: Varnish
2025-12-23 08:07:49,897 - Endpoint found: http://target.com/authenticate - Status: 301 - Redirect to https://target.com/authenticate | Server: Varnish
2025-12-23 08:07:49,949 - Endpoint found: http://target.com/user/login - Status: 301 - Redirect to https://target.com/user/login | Server: Varnish
2025-12-23 08:07:49,993 - Endpoint found: http://target.com/account/login - Status: 301 - Redirect to https://target.com/account/login | Server: Varnish
2025-12-23 08:07:50,042 - Endpoint found: http://target.com/users/login - Status: 301 - Redirect to https://target.com/users/login | Server: Varnish
2025-12-23 08:07:50,092 - Endpoint found: http://target.com/session/new - Status: 301 - Redirect to https://target.com/session/new | Server: Varnish
2025-12-23 08:07:50,148 - Endpoint found: http://target.com/sign-in - Status: 301 - Redirect to https://target.com/sign-in | Server: Varnish
2025-12-23 08:07:50,197 - Endpoint found: http://target.com/dashboard - Status: 301 - Redirect to https://target.com/dashboard | Server: Varnish
2025-12-23 08:07:50,245 - Endpoint found: http://target.com/panel - Status: 301 - Redirect to https://target.com/panel | Server: Varnish
2025-12-23 08:07:50,293 - Endpoint found: http://target.com/console - Status: 301 - Redirect to https://target.com/console | Server: Varnish
2025-12-23 08:07:50,345 - Endpoint found: http://target.com/home - Status: 301 - Redirect to https://target.com/home | Server: Varnish
2025-12-23 08:07:50,406 - Endpoint found: http://target.com/portal - Status: 301 - Redirect to https://target.com/portal | Server: Varnish
2025-12-23 08:07:50,454 - Endpoint found: http://target.com/api - Status: 301 - Redirect to https://target.com/api | Server: Varnish
2025-12-23 08:07:50,502 - Endpoint found: http://target.com/api/v1 - Status: 301 - Redirect to https://target.com/api/v1 | Server: Varnish
2025-12-23 08:07:50,547 - Endpoint found: http://target.com/api/v2 - Status: 301 - Redirect to https://target.com/api/v2 | Server: Varnish
2025-12-23 08:07:50,600 - Endpoint found: http://target.com/rest - Status: 301 - Redirect to https://target.com/rest | Server: Varnish
2025-12-23 08:07:50,656 - Endpoint found: http://target.com/graphql - Status: 301 - Redirect to https://target.com/graphql | Server: Varnish
2025-12-23 08:07:50,710 - Endpoint found: http://target.com/api/users - Status: 301 - Redirect to https://target.com/api/users | Server: Varnish
2025-12-23 08:07:50,760 - Endpoint found: http://target.com/api/auth - Status: 301 - Redirect to https://target.com/api/auth | Server: Varnish
2025-12-23 08:07:50,811 - Endpoint found: http://target.com/config - Status: 301 - Redirect to https://target.com/config | Server: Varnish
2025-12-23 08:07:50,870 - Endpoint found: http://target.com/debug - Status: 301 - Redirect to https://target.com/debug | Server: Varnish
2025-12-23 08:07:50,931 - Endpoint found: http://target.com/test - Status: 301 - Redirect to https://target.com/test | Server: Varnish
2025-12-23 08:07:50,993 - Endpoint found: http://target.com/phpinfo.php - Status: 301 - Redirect to https://target.com/phpinfo.php | Server: Varnish
2025-12-23 08:07:51,058 - Endpoint found: http://target.com/.env - Status: 301 - Redirect to https://target.com/.env | Server: Varnish
2025-12-23 08:07:51,119 - Endpoint found: http://target.com/config.php - Status: 301 - Redirect to https://target.com/config.php | Server: Varnish
2025-12-23 08:07:51,169 - Endpoint found: http://target.com/settings - Status: 301 - Redirect to https://target.com/settings | Server: Varnish
2025-12-23 08:07:51,224 - Endpoint found: http://target.com/configuration - Status: 301 - Redirect to https://target.com/configuration | Server: Varnish
2025-12-23 08:07:51,276 - Endpoint found: http://target.com/robots.txt - Status: 301 - Redirect to https://target.com/robots.txt | Server: Varnish
2025-12-23 08:07:51,340 - Endpoint found: http://target.com/sitemap.xml - Status: 301 - Redirect to https://target.com/sitemap.xml | Server: Varnish
2025-12-23 08:07:51,414 - Endpoint found: http://target.com/.git/config - Status: 301 - Redirect to https://target.com/.git/config | Server: Varnish
2025-12-23 08:07:51,469 - Endpoint found: http://target.com/.htaccess - Status: 301 - Redirect to https://target.com/.htaccess | Server: Varnish
2025-12-23 08:07:51,520 - Endpoint found: http://target.com/web.config - Status: 301 - Redirect to https://target.com/web.config | Server: Varnish
2025-12-23 08:07:51,568 - Endpoint found: http://target.com/composer.json - Status: 301 - Redirect to https://target.com/composer.json | Server: Varnish
2025-12-23 08:07:51,652 - Endpoint found: http://target.com/package.json - Status: 301 - Redirect to https://target.com/package.json | Server: Varnish
2025-12-23 08:07:51,709 - Endpoint found: http://target.com/db - Status: 301 - Redirect to https://target.com/db | Server: Varnish
2025-12-23 08:07:51,763 - Endpoint found: http://target.com/database - Status: 301 - Redirect to https://target.com/database | Server: Varnish
2025-12-23 08:07:51,823 - Endpoint found: http://target.com/mysql - Status: 301 - Redirect to https://target.com/mysql | Server: Varnish
2025-12-23 08:07:51,884 - Endpoint found: http://target.com/phpmyadmin - Status: 301 - Redirect to https://target.com/phpmyadmin | Server: Varnish
2025-12-23 08:07:51,947 - Endpoint found: http://target.com/adminer.php - Status: 301 - Redirect to https://target.com/adminer.php | Server: Varnish
2025-12-23 08:07:52,006 - Endpoint found: http://target.com/backup - Status: 301 - Redirect to https://target.com/backup | Server: Varnish
2025-12-23 08:07:52,058 - Endpoint found: http://target.com/backups - Status: 301 - Redirect to https://target.com/backups | Server: Varnish
2025-12-23 08:07:52,114 - Endpoint found: http://target.com/backup.sql - Status: 301 - Redirect to https://target.com/backup.sql | Server: Varnish
2025-12-23 08:07:52,165 - Endpoint found: http://target.com/dump.sql - Status: 301 - Redirect to https://target.com/dump.sql | Server: Varnish
2025-12-23 08:07:52,217 - Endpoint found: http://target.com/backup.zip - Status: 301 - Redirect to https://target.com/backup.zip | Server: Varnish
2025-12-23 08:07:52,268 - Endpoint found: http://target.com/upload - Status: 301 - Redirect to https://target.com/upload | Server: Varnish
2025-12-23 08:07:52,339 - Endpoint found: http://target.com/uploads - Status: 301 - Redirect to https://target.com/uploads | Server: Varnish
2025-12-23 08:07:52,392 - Endpoint found: http://target.com/files - Status: 301 - Redirect to https://target.com/files | Server: Varnish
2025-12-23 08:07:52,446 - Endpoint found: http://target.com/media - Status: 301 - Redirect to https://target.com/media | Server: Varnish
2025-12-23 08:07:52,517 - Endpoint found: http://target.com/images - Status: 301 - Redirect to https://target.com/images | Server: Varnish
2025-12-23 08:07:52,571 - Endpoint found: http://target.com/assets - Status: 301 - Redirect to https://target.com/assets | Server: Varnish
2025-12-23 08:07:52,572 - Enumeration complete. Found 63 interesting endpoints
2025-12-23 08:07:52,573 - Found 63 interesting endpoints
2025-12-23 08:07:52,573 - Testing for SQL injection vulnerabilities...
2025-12-23 08:07:54,230 - 

[!] Interrupted by user
2025-12-23 08:08:03,039 - ============================================================
2025-12-23 08:08:03,039 - Starting Ultimate Web Penetration Testing
2025-12-23 08:08:03,039 - Target: http://target.com
2025-12-23 08:08:03,039 - ============================================================
2025-12-23 08:08:03,039 - Wordlist update disabled
2025-12-23 08:08:03,039 - Enumerating endpoints...
2025-12-23 08:08:03,039 - Starting endpoint enumeration for http://target.com
2025-12-23 08:08:03,161 - Endpoint found: http://target.com/admin - Status: 301 - Redirect to https://target.com/admin | Server: Varnish
2025-12-23 08:08:03,253 - Endpoint found: http://target.com/administrator - Status: 301 - Redirect to https://target.com/administrator | Server: Varnish
2025-12-23 08:08:03,297 - Endpoint found: http://target.com/admin.php - Status: 301 - Redirect to https://target.com/admin.php | Server: Varnish
2025-12-23 08:08:03,343 - Endpoint found: http://target.com/admin/login - Status: 301 - Redirect to https://target.com/admin/login | Server: Varnish
2025-12-23 08:08:03,391 - Endpoint found: http://target.com/admin/dashboard - Status: 301 - Redirect to https://target.com/admin/dashboard | Server: Varnish
2025-12-23 08:08:03,442 - Endpoint found: http://target.com/wp-admin - Status: 301 - Redirect to https://target.com/wp-admin | Server: Varnish
2025-12-23 08:08:03,497 - Endpoint found: http://target.com/cpanel - Status: 301 - Redirect to https://target.com/cpanel | Server: Varnish
2025-12-23 08:08:03,547 - Endpoint found: http://target.com/phpmyadmin - Status: 301 - Redirect to https://target.com/phpmyadmin | Server: Varnish
2025-12-23 08:08:03,594 - Endpoint found: http://target.com/adminer - Status: 301 - Redirect to https://target.com/adminer | Server: Varnish
2025-12-23 08:08:03,644 - Endpoint found: http://target.com/adminpanel - Status: 301 - Redirect to https://target.com/adminpanel | Server: Varnish
2025-12-23 08:08:03,705 - Endpoint found: http://target.com/login - Status: 301 - Redirect to https://target.com/login | Server: Varnish
2025-12-23 08:08:03,752 - Endpoint found: http://target.com/signin - Status: 301 - Redirect to https://target.com/signin | Server: Varnish
2025-12-23 08:08:03,809 - Endpoint found: http://target.com/login.php - Status: 301 - Redirect to https://target.com/login.php | Server: Varnish
2025-12-23 08:08:03,859 - Endpoint found: http://target.com/auth - Status: 301 - Redirect to https://target.com/auth | Server: Varnish
2025-12-23 08:08:03,906 - Endpoint found: http://target.com/authenticate - Status: 301 - Redirect to https://target.com/authenticate | Server: Varnish
2025-12-23 08:08:03,951 - Endpoint found: http://target.com/user/login - Status: 301 - Redirect to https://target.com/user/login | Server: Varnish
2025-12-23 08:08:03,996 - Endpoint found: http://target.com/account/login - Status: 301 - Redirect to https://target.com/account/login | Server: Varnish
2025-12-23 08:08:04,050 - Endpoint found: http://target.com/users/login - Status: 301 - Redirect to https://target.com/users/login | Server: Varnish
2025-12-23 08:08:04,101 - Endpoint found: http://target.com/session/new - Status: 301 - Redirect to https://target.com/session/new | Server: Varnish
2025-12-23 08:08:04,180 - Endpoint found: http://target.com/sign-in - Status: 301 - Redirect to https://target.com/sign-in | Server: Varnish
2025-12-23 08:08:04,231 - Endpoint found: http://target.com/dashboard - Status: 301 - Redirect to https://target.com/dashboard | Server: Varnish
2025-12-23 08:08:04,297 - Endpoint found: http://target.com/panel - Status: 301 - Redirect to https://target.com/panel | Server: Varnish
2025-12-23 08:08:04,352 - Endpoint found: http://target.com/console - Status: 301 - Redirect to https://target.com/console | Server: Varnish
2025-12-23 08:08:04,417 - Endpoint found: http://target.com/home - Status: 301 - Redirect to https://target.com/home | Server: Varnish
2025-12-23 08:08:04,489 - Endpoint found: http://target.com/portal - Status: 301 - Redirect to https://target.com/portal | Server: Varnish
2025-12-23 08:08:04,604 - Endpoint found: http://target.com/api - Status: 301 - Redirect to https://target.com/api | Server: Varnish
2025-12-23 08:08:04,660 - Endpoint found: http://target.com/api/v1 - Status: 301 - Redirect to https://target.com/api/v1 | Server: Varnish
2025-12-23 08:08:04,721 - Endpoint found: http://target.com/api/v2 - Status: 301 - Redirect to https://target.com/api/v2 | Server: Varnish
2025-12-23 08:08:04,838 - Endpoint found: http://target.com/rest - Status: 301 - Redirect to https://target.com/rest | Server: Varnish
2025-12-23 08:08:04,900 - Endpoint found: http://target.com/graphql - Status: 301 - Redirect to https://target.com/graphql | Server: Varnish
2025-12-23 08:08:04,949 - Endpoint found: http://target.com/api/users - Status: 301 - Redirect to https://target.com/api/users | Server: Varnish
2025-12-23 08:08:04,995 - Endpoint found: http://target.com/api/auth - Status: 301 - Redirect to https://target.com/api/auth | Server: Varnish
2025-12-23 08:08:05,051 - Endpoint found: http://target.com/config - Status: 301 - Redirect to https://target.com/config | Server: Varnish
2025-12-23 08:08:05,102 - Endpoint found: http://target.com/debug - Status: 301 - Redirect to https://target.com/debug | Server: Varnish
2025-12-23 08:08:05,150 - Endpoint found: http://target.com/test - Status: 301 - Redirect to https://target.com/test | Server: Varnish
2025-12-23 08:08:05,210 - Endpoint found: http://target.com/phpinfo.php - Status: 301 - Redirect to https://target.com/phpinfo.php | Server: Varnish
2025-12-23 08:08:05,265 - Endpoint found: http://target.com/.env - Status: 301 - Redirect to https://target.com/.env | Server: Varnish
2025-12-23 08:08:05,321 - Endpoint found: http://target.com/config.php - Status: 301 - Redirect to https://target.com/config.php | Server: Varnish
2025-12-23 08:08:05,386 - Endpoint found: http://target.com/settings - Status: 301 - Redirect to https://target.com/settings | Server: Varnish
2025-12-23 08:08:05,440 - Endpoint found: http://target.com/configuration - Status: 301 - Redirect to https://target.com/configuration | Server: Varnish
2025-12-23 08:08:05,499 - Endpoint found: http://target.com/robots.txt - Status: 301 - Redirect to https://target.com/robots.txt | Server: Varnish
2025-12-23 08:08:05,547 - Endpoint found: http://target.com/sitemap.xml - Status: 301 - Redirect to https://target.com/sitemap.xml | Server: Varnish
2025-12-23 08:08:05,597 - Endpoint found: http://target.com/.git/config - Status: 301 - Redirect to https://target.com/.git/config | Server: Varnish
2025-12-23 08:08:05,648 - Endpoint found: http://target.com/.htaccess - Status: 301 - Redirect to https://target.com/.htaccess | Server: Varnish
2025-12-23 08:08:05,697 - Endpoint found: http://target.com/web.config - Status: 301 - Redirect to https://target.com/web.config | Server: Varnish
2025-12-23 08:08:05,758 - Endpoint found: http://target.com/composer.json - Status: 301 - Redirect to https://target.com/composer.json | Server: Varnish
2025-12-23 08:08:05,820 - Endpoint found: http://target.com/package.json - Status: 301 - Redirect to https://target.com/package.json | Server: Varnish
2025-12-23 08:08:05,874 - Endpoint found: http://target.com/db - Status: 301 - Redirect to https://target.com/db | Server: Varnish
2025-12-23 08:08:05,934 - Endpoint found: http://target.com/database - Status: 301 - Redirect to https://target.com/database | Server: Varnish
2025-12-23 08:08:05,995 - Endpoint found: http://target.com/mysql - Status: 301 - Redirect to https://target.com/mysql | Server: Varnish
2025-12-23 08:08:06,062 - Endpoint found: http://target.com/phpmyadmin - Status: 301 - Redirect to https://target.com/phpmyadmin | Server: Varnish
2025-12-23 08:08:06,117 - Endpoint found: http://target.com/adminer.php - Status: 301 - Redirect to https://target.com/adminer.php | Server: Varnish
2025-12-23 08:08:06,164 - Endpoint found: http://target.com/backup - Status: 301 - Redirect to https://target.com/backup | Server: Varnish
2025-12-23 08:08:06,211 - Endpoint found: http://target.com/backups - Status: 301 - Redirect to https://target.com/backups | Server: Varnish
2025-12-23 08:08:06,274 - Endpoint found: http://target.com/backup.sql - Status: 301 - Redirect to https://target.com/backup.sql | Server: Varnish
2025-12-23 08:08:06,326 - Endpoint found: http://target.com/dump.sql - Status: 301 - Redirect to https://target.com/dump.sql | Server: Varnish
2025-12-23 08:08:06,383 - Endpoint found: http://target.com/backup.zip - Status: 301 - Redirect to https://target.com/backup.zip | Server: Varnish
2025-12-23 08:08:06,448 - Endpoint found: http://target.com/upload - Status: 301 - Redirect to https://target.com/upload | Server: Varnish
2025-12-23 08:08:06,506 - Endpoint found: http://target.com/uploads - Status: 301 - Redirect to https://target.com/uploads | Server: Varnish
2025-12-23 08:08:06,554 - Endpoint found: http://target.com/files - Status: 301 - Redirect to https://target.com/files | Server: Varnish
2025-12-23 08:08:06,602 - Endpoint found: http://target.com/media - Status: 301 - Redirect to https://target.com/media | Server: Varnish
2025-12-23 08:08:06,653 - Endpoint found: http://target.com/images - Status: 301 - Redirect to https://target.com/images | Server: Varnish
2025-12-23 08:08:06,714 - Endpoint found: http://target.com/assets - Status: 301 - Redirect to https://target.com/assets | Server: Varnish
2025-12-23 08:08:06,715 - Enumeration complete. Found 63 interesting endpoints
2025-12-23 08:08:06,716 - Found 63 interesting endpoints
2025-12-23 08:08:06,716 - Testing for SQL injection vulnerabilities...
2025-12-23 08:08:12,964 - Testing for XSS vulnerabilities...
2025-12-23 08:08:13,253 - 

[!] Interrupted by user
2025-12-23 08:09:23,054 - ============================================================
2025-12-23 08:09:23,055 - Starting Ultimate Web Penetration Testing
2025-12-23 08:09:23,055 - Target: http://testphp.vulnweb.com/login.php
2025-12-23 08:09:23,055 - ============================================================
2025-12-23 08:09:23,055 - Wordlist update disabled
2025-12-23 08:09:23,055 - Enumerating endpoints...
2025-12-23 08:09:23,055 - Starting endpoint enumeration for http://testphp.vulnweb.com/login.php
2025-12-23 08:09:24,411 - Endpoint found: http://testphp.vulnweb.com/login.php/admin.php - Status: 200 - OK | 5523 bytes | Server: nginx/1.19.0
2025-12-23 08:09:28,913 - Endpoint found: http://testphp.vulnweb.com/login.php/login.php - Status: 200 - OK | 5523 bytes | Server: nginx/1.19.0
2025-12-23 08:09:39,167 - Endpoint found: http://testphp.vulnweb.com/login.php/phpinfo.php - Status: 200 - OK | 5523 bytes | Server: nginx/1.19.0
2025-12-23 08:09:40,133 - Endpoint found: http://testphp.vulnweb.com/login.php/config.php - Status: 200 - OK | 5523 bytes | Server: nginx/1.19.0
2025-12-23 08:09:46,486 - Endpoint found: http://testphp.vulnweb.com/login.php/adminer.php - Status: 200 - OK | 5523 bytes | Server: nginx/1.19.0
2025-12-23 08:09:51,470 - Enumeration complete. Found 5 interesting endpoints
2025-12-23 08:09:51,470 - Found 5 interesting endpoints
2025-12-23 08:09:51,470 - Testing for SQL injection vulnerabilities...
2025-12-23 08:09:51,914 - SQL Injection vulnerability detected: ' OR '1'='1 in http://testphp.vulnweb.com/login.php/search.php via POST
2025-12-23 08:09:51,915 - Testing for XSS vulnerabilities...
2025-12-23 08:09:55,568 - Attempting WAF bypass...
2025-12-23 08:09:55,568 - Attempting WAF bypass using: X-Forwarded Headers on http://testphp.vulnweb.com/login.php/admin
2025-12-23 08:09:55,995 - Request error during WAF bypass with X-Forwarded Headers: 404 Client Error: Not Found for url: http://testphp.vulnweb.com/login.php/admin
2025-12-23 08:09:55,995 - Attempting WAF bypass using: X-Originating-IP on http://testphp.vulnweb.com/login.php/admin
2025-12-23 08:09:56,417 - Request error during WAF bypass with X-Originating-IP: 404 Client Error: Not Found for url: http://testphp.vulnweb.com/login.php/admin
2025-12-23 08:09:56,417 - Attempting WAF bypass using: X-Client-IP on http://testphp.vulnweb.com/login.php/admin
2025-12-23 08:09:56,855 - Request error during WAF bypass with X-Client-IP: 404 Client Error: Not Found for url: http://testphp.vulnweb.com/login.php/admin
2025-12-23 08:09:56,855 - Attempting WAF bypass using: Custom User-Agent on http://testphp.vulnweb.com/login.php/admin
2025-12-23 08:09:57,286 - Request error during WAF bypass with Custom User-Agent: 404 Client Error: Not Found for url: http://testphp.vulnweb.com/login.php/admin
2025-12-23 08:09:57,286 - Attempting WAF bypass using: Referer Bypass on http://testphp.vulnweb.com/login.php/admin
2025-12-23 08:09:57,729 - Request error during WAF bypass with Referer Bypass: 404 Client Error: Not Found for url: http://testphp.vulnweb.com/login.php/admin
2025-12-23 08:09:57,729 - All WAF bypass techniques failed for http://testphp.vulnweb.com/login.php/admin
2025-12-23 08:09:57,729 - Attempting WAF bypass using: X-Forwarded Headers on http://testphp.vulnweb.com/login.php/admin
2025-12-23 08:09:58,161 - Request error during WAF bypass with X-Forwarded Headers: 404 Client Error: Not Found for url: http://testphp.vulnweb.com/login.php/admin
2025-12-23 08:09:58,161 - Attempting WAF bypass using: X-Originating-IP on http://testphp.vulnweb.com/login.php/admin
2025-12-23 08:09:58,589 - Request error during WAF bypass with X-Originating-IP: 404 Client Error: Not Found for url: http://testphp.vulnweb.com/login.php/admin
2025-12-23 08:09:58,589 - Attempting WAF bypass using: X-Client-IP on http://testphp.vulnweb.com/login.php/admin
2025-12-23 08:09:59,060 - Request error during WAF bypass with X-Client-IP: 404 Client Error: Not Found for url: http://testphp.vulnweb.com/login.php/admin
2025-12-23 08:09:59,060 - Attempting WAF bypass using: Custom User-Agent on http://testphp.vulnweb.com/login.php/admin
2025-12-23 08:09:59,511 - Request error during WAF bypass with Custom User-Agent: 404 Client Error: Not Found for url: http://testphp.vulnweb.com/login.php/admin
2025-12-23 08:09:59,512 - Attempting WAF bypass using: Referer Bypass on http://testphp.vulnweb.com/login.php/admin
2025-12-23 08:09:59,947 - Request error during WAF bypass with Referer Bypass: 404 Client Error: Not Found for url: http://testphp.vulnweb.com/login.php/admin
2025-12-23 08:09:59,948 - All WAF bypass techniques failed for http://testphp.vulnweb.com/login.php/admin
2025-12-23 08:09:59,949 - Attempting WAF bypass using: X-Forwarded Headers on http://testphp.vulnweb.com/login.php/admin
2025-12-23 08:10:00,407 - Request error during WAF bypass with X-Forwarded Headers: 404 Client Error: Not Found for url: http://testphp.vulnweb.com/login.php/admin
2025-12-23 08:10:00,407 - Attempting WAF bypass using: X-Originating-IP on http://testphp.vulnweb.com/login.php/admin
2025-12-23 08:10:00,840 - Request error during WAF bypass with X-Originating-IP: 404 Client Error: Not Found for url: http://testphp.vulnweb.com/login.php/admin
2025-12-23 08:10:00,841 - Attempting WAF bypass using: X-Client-IP on http://testphp.vulnweb.com/login.php/admin
2025-12-23 08:10:01,276 - Request error during WAF bypass with X-Client-IP: 404 Client Error: Not Found for url: http://testphp.vulnweb.com/login.php/admin
2025-12-23 08:10:01,277 - Attempting WAF bypass using: Custom User-Agent on http://testphp.vulnweb.com/login.php/admin
2025-12-23 08:10:01,708 - Request error during WAF bypass with Custom User-Agent: 404 Client Error: Not Found for url: http://testphp.vulnweb.com/login.php/admin
2025-12-23 08:10:01,708 - Attempting WAF bypass using: Referer Bypass on http://testphp.vulnweb.com/login.php/admin
2025-12-23 08:10:02,133 - Request error during WAF bypass with Referer Bypass: 404 Client Error: Not Found for url: http://testphp.vulnweb.com/login.php/admin
2025-12-23 08:10:02,134 - All WAF bypass techniques failed for http://testphp.vulnweb.com/login.php/admin
2025-12-23 08:10:02,134 - Starting bruteforce attack...
2025-12-23 08:10:02,135 - MFA bypass module disabled
2025-12-23 08:10:02,135 - 
============================================================
2025-12-23 08:10:02,135 - Test Summary:
2025-12-23 08:10:02,135 -   \u2713 bruteforce: True
2025-12-23 08:10:02,135 -   \u2713 sql_injection: True
2025-12-23 08:10:02,135 -   \u2717 xss: False
2025-12-23 08:10:02,135 -   \u2717 waf_bypass: False
2025-12-23 08:10:02,135 -   \u2713 enumeration: 5
2025-12-23 08:10:02,135 - ============================================================
2025-12-23 08:25:12,902 - INFO - Starting endpoint enumeration for http://testphp.vulnweb.com
2025-12-23 08:25:13,422 - INFO - Endpoint found: http://testphp.vulnweb.com/admin - Status: 301 - Redirect to http://testphp.vulnweb.com/admin/ | 169 bytes | Server: nginx/1.19.0
2025-12-23 08:25:18,816 - INFO - Endpoint found: http://testphp.vulnweb.com/login.php - Status: 200 - OK | 5523 bytes | Server: nginx/1.19.0
2025-12-23 08:25:41,284 - INFO - Endpoint found: http://testphp.vulnweb.com/images - Status: 301 - Redirect to http://testphp.vulnweb.com/images/ | 169 bytes | Server: nginx/1.19.0
2025-12-23 08:25:41,737 - INFO - Enumeration complete. Found 3 interesting endpoints
2025-12-23 08:25:41,737 - WARNING - [MEDIUM] Endpoint Discovery found at http://testphp.vulnweb.com/login.php
2025-12-23 08:26:27,126 - INFO - Attempting WAF bypass using: X-Forwarded Headers on http://testphp.vulnweb.com/admin
2025-12-23 08:26:27,784 - INFO - WAF bypass successful using X-Forwarded Headers: admin_panel
2025-12-23 08:26:27,785 - WARNING - [HIGH] WAF Bypass found at http://testphp.vulnweb.com/admin
2025-12-23 08:26:28,087 - INFO - Attempting WAF bypass using: X-Forwarded Headers on http://testphp.vulnweb.com/admin
2025-12-23 08:26:28,777 - INFO - WAF bypass successful using X-Forwarded Headers: /admin
2025-12-23 08:26:28,777 - WARNING - [HIGH] WAF Bypass found at http://testphp.vulnweb.com/admin
2025-12-23 08:26:29,078 - INFO - Attempting WAF bypass using: X-Forwarded Headers on http://testphp.vulnweb.com/admin
2025-12-23 08:26:29,759 - INFO - WAF bypass successful using X-Forwarded Headers: ../../admin
2025-12-23 08:26:29,760 - WARNING - [HIGH] WAF Bypass found at http://testphp.vulnweb.com/admin
2025-12-23 08:26:30,062 - INFO - Attempting WAF bypass using: X-Forwarded Headers on http://testphp.vulnweb.com/admin
2025-12-23 08:26:30,701 - INFO - WAF bypass successful using X-Forwarded Headers: /%2e%2e/admin
2025-12-23 08:26:30,702 - WARNING - [HIGH] WAF Bypass found at http://testphp.vulnweb.com/admin
2025-12-23 08:26:31,004 - INFO - Attempting WAF bypass using: X-Forwarded Headers on http://testphp.vulnweb.com/admin
2025-12-23 08:26:31,665 - INFO - WAF bypass successful using X-Forwarded Headers: /admin%00
2025-12-23 08:26:31,665 - WARNING - [HIGH] WAF Bypass found at http://testphp.vulnweb.com/admin
2025-12-23 08:26:31,966 - INFO - Attempting WAF bypass using: X-Forwarded Headers on http://testphp.vulnweb.com/admin
2025-12-23 08:26:32,649 - INFO - WAF bypass successful using X-Forwarded Headers: /admin.php
2025-12-23 08:26:32,649 - WARNING - [HIGH] WAF Bypass found at http://testphp.vulnweb.com/admin
2025-12-23 08:26:32,950 - INFO - Attempting WAF bypass using: X-Forwarded Headers on http://testphp.vulnweb.com/admin
2025-12-23 08:26:33,637 - INFO - WAF bypass successful using X-Forwarded Headers: /administrator
2025-12-23 08:26:33,637 - WARNING - [HIGH] WAF Bypass found at http://testphp.vulnweb.com/admin
2025-12-23 08:26:33,938 - INFO - Attempting WAF bypass using: X-Forwarded Headers on http://testphp.vulnweb.com/admin
2025-12-23 08:26:34,586 - INFO - WAF bypass successful using X-Forwarded Headers: /wp-admin
2025-12-23 08:26:34,586 - WARNING - [HIGH] WAF Bypass found at http://testphp.vulnweb.com/admin
2025-12-23 08:26:34,888 - INFO - Attempting WAF bypass using: X-Forwarded Headers on http://testphp.vulnweb.com/admin
2025-12-23 08:26:35,550 - INFO - WAF bypass successful using X-Forwarded Headers: /cpanel
2025-12-23 08:26:35,551 - WARNING - [HIGH] WAF Bypass found at http://testphp.vulnweb.com/admin
2025-12-23 08:26:37,869 - INFO - Vulnerability report saved to vulnerability_report.json
2025-12-23 08:29:10,306 - INFO - Starting endpoint enumeration for http://testphp.vulnweb.com
2025-12-23 08:29:11,007 - INFO - Endpoint found: http://testphp.vulnweb.com/admin - Status: 301 - Redirect to http://testphp.vulnweb.com/admin/ | 169 bytes | Server: nginx/1.19.0
2025-12-23 08:29:16,431 - INFO - Endpoint found: http://testphp.vulnweb.com/login.php - Status: 200 - OK | 5523 bytes | Server: nginx/1.19.0
2025-12-23 08:29:38,585 - INFO - Endpoint found: http://testphp.vulnweb.com/images - Status: 301 - Redirect to http://testphp.vulnweb.com/images/ | 169 bytes | Server: nginx/1.19.0
2025-12-23 08:29:39,046 - INFO - Enumeration complete. Found 3 interesting endpoints
2025-12-23 08:29:39,049 - WARNING - [MEDIUM] Endpoint Discovery found at http://testphp.vulnweb.com/login.php
2025-12-23 08:31:58,190 - WARNING - [CRITICAL] SQL Injection (Auto-Detected) found at http://testphp.vulnweb.com/search.php
2025-12-23 08:31:58,531 - WARNING - [CRITICAL] SQL Injection (Auto-Detected) found at http://testphp.vulnweb.com/search.php
2025-12-23 08:31:59,079 - WARNING - [CRITICAL] SQL Injection (Auto-Detected) found at http://testphp.vulnweb.com/search.php
2025-12-23 08:38:21,776 - INFO - Attempting WAF bypass using: X-Forwarded Headers on http://testphp.vulnweb.com/admin
2025-12-23 08:38:22,439 - INFO - WAF bypass successful using X-Forwarded Headers: admin_panel
2025-12-23 08:38:22,439 - WARNING - [HIGH] WAF Bypass found at http://testphp.vulnweb.com/admin
2025-12-23 08:38:22,740 - INFO - Attempting WAF bypass using: X-Forwarded Headers on http://testphp.vulnweb.com/admin
2025-12-23 08:38:23,429 - INFO - WAF bypass successful using X-Forwarded Headers: /admin
2025-12-23 08:38:23,429 - WARNING - [HIGH] WAF Bypass found at http://testphp.vulnweb.com/admin
2025-12-23 08:38:23,731 - INFO - Attempting WAF bypass using: X-Forwarded Headers on http://testphp.vulnweb.com/admin
2025-12-23 08:38:24,415 - INFO - WAF bypass successful using X-Forwarded Headers: ../../admin
2025-12-23 08:38:24,415 - WARNING - [HIGH] WAF Bypass found at http://testphp.vulnweb.com/admin
2025-12-23 08:38:24,717 - INFO - Attempting WAF bypass using: X-Forwarded Headers on http://testphp.vulnweb.com/admin
2025-12-23 08:38:25,387 - INFO - WAF bypass successful using X-Forwarded Headers: /%2e%2e/admin
2025-12-23 08:38:25,388 - WARNING - [HIGH] WAF Bypass found at http://testphp.vulnweb.com/admin
2025-12-23 08:38:25,689 - INFO - Attempting WAF bypass using: X-Forwarded Headers on http://testphp.vulnweb.com/admin
2025-12-23 08:38:26,345 - INFO - WAF bypass successful using X-Forwarded Headers: /admin%00
2025-12-23 08:38:26,346 - WARNING - [HIGH] WAF Bypass found at http://testphp.vulnweb.com/admin
2025-12-23 08:38:26,647 - INFO - Attempting WAF bypass using: X-Forwarded Headers on http://testphp.vulnweb.com/admin
2025-12-23 08:38:27,355 - INFO - WAF bypass successful using X-Forwarded Headers: /admin.php
2025-12-23 08:38:27,356 - WARNING - [HIGH] WAF Bypass found at http://testphp.vulnweb.com/admin
2025-12-23 08:38:27,657 - INFO - Attempting WAF bypass using: X-Forwarded Headers on http://testphp.vulnweb.com/admin
2025-12-23 08:38:28,330 - INFO - WAF bypass successful using X-Forwarded Headers: /administrator
2025-12-23 08:38:28,331 - WARNING - [HIGH] WAF Bypass found at http://testphp.vulnweb.com/admin
2025-12-23 08:38:28,631 - INFO - Attempting WAF bypass using: X-Forwarded Headers on http://testphp.vulnweb.com/admin
2025-12-23 08:38:29,288 - INFO - WAF bypass successful using X-Forwarded Headers: /wp-admin
2025-12-23 08:38:29,288 - WARNING - [HIGH] WAF Bypass found at http://testphp.vulnweb.com/admin
2025-12-23 08:38:29,590 - INFO - Attempting WAF bypass using: X-Forwarded Headers on http://testphp.vulnweb.com/admin
2025-12-23 08:38:30,251 - INFO - WAF bypass successful using X-Forwarded Headers: /cpanel
2025-12-23 08:38:30,251 - WARNING - [HIGH] WAF Bypass found at http://testphp.vulnweb.com/admin
2025-12-23 08:38:32,565 - INFO - Vulnerability report saved to vulnerability_report.json
2025-12-23 08:50:16,152 - INFO - Starting endpoint enumeration for http://testphp.vulnweb.com/
2025-12-23 08:50:16,605 - INFO - Endpoint found: http://testphp.vulnweb.com/admin - Status: 301 - Redirect to http://testphp.vulnweb.com/admin/ | 169 bytes | Server: nginx/1.19.0
2025-12-23 08:50:21,946 - INFO - Endpoint found: http://testphp.vulnweb.com/login.php - Status: 200 - OK | 5523 bytes | Server: nginx/1.19.0
2025-12-23 08:50:43,988 - INFO - Endpoint found: http://testphp.vulnweb.com/images - Status: 301 - Redirect to http://testphp.vulnweb.com/images/ | 169 bytes | Server: nginx/1.19.0
2025-12-23 08:50:44,441 - INFO - Enumeration complete. Found 3 interesting endpoints
2025-12-23 08:50:44,442 - WARNING - [MEDIUM] Endpoint Discovery found at http://testphp.vulnweb.com/login.php
2025-12-23 09:02:20,198 - INFO - Attempting WAF bypass using: X-Forwarded Headers on http://testphp.vulnweb.com//admin
2025-12-23 09:02:20,848 - INFO - WAF bypass successful using X-Forwarded Headers: admin_panel
2025-12-23 09:02:20,849 - WARNING - [HIGH] WAF Bypass found at http://testphp.vulnweb.com//admin
2025-12-23 09:02:21,151 - INFO - Attempting WAF bypass using: X-Forwarded Headers on http://testphp.vulnweb.com//admin
2025-12-23 09:02:21,848 - INFO - WAF bypass successful using X-Forwarded Headers: /admin
2025-12-23 09:02:21,848 - WARNING - [HIGH] WAF Bypass found at http://testphp.vulnweb.com//admin
2025-12-23 09:02:22,149 - INFO - Attempting WAF bypass using: X-Forwarded Headers on http://testphp.vulnweb.com//admin
2025-12-23 09:02:22,852 - INFO - WAF bypass successful using X-Forwarded Headers: ../../admin
2025-12-23 09:02:22,853 - WARNING - [HIGH] WAF Bypass found at http://testphp.vulnweb.com//admin
2025-12-23 09:02:23,155 - INFO - Attempting WAF bypass using: X-Forwarded Headers on http://testphp.vulnweb.com//admin
2025-12-23 09:02:23,810 - INFO - WAF bypass successful using X-Forwarded Headers: /%2e%2e/admin
2025-12-23 09:02:23,810 - WARNING - [HIGH] WAF Bypass found at http://testphp.vulnweb.com//admin
2025-12-23 09:02:24,111 - INFO - Attempting WAF bypass using: X-Forwarded Headers on http://testphp.vulnweb.com//admin
2025-12-23 09:02:24,775 - INFO - WAF bypass successful using X-Forwarded Headers: /admin%00
2025-12-23 09:02:24,775 - WARNING - [HIGH] WAF Bypass found at http://testphp.vulnweb.com//admin
2025-12-23 09:02:25,077 - INFO - Attempting WAF bypass using: X-Forwarded Headers on http://testphp.vulnweb.com//admin
2025-12-23 09:02:25,872 - INFO - WAF bypass successful using X-Forwarded Headers: /admin.php
2025-12-23 09:02:25,872 - WARNING - [HIGH] WAF Bypass found at http://testphp.vulnweb.com//admin
2025-12-23 09:02:26,174 - INFO - Attempting WAF bypass using: X-Forwarded Headers on http://testphp.vulnweb.com//admin
2025-12-23 09:02:26,951 - INFO - WAF bypass successful using X-Forwarded Headers: /administrator
2025-12-23 09:02:26,951 - WARNING - [HIGH] WAF Bypass found at http://testphp.vulnweb.com//admin
2025-12-23 09:02:27,252 - INFO - Attempting WAF bypass using: X-Forwarded Headers on http://testphp.vulnweb.com//admin
2025-12-23 09:02:27,945 - INFO - WAF bypass successful using X-Forwarded Headers: /wp-admin
2025-12-23 09:02:27,945 - WARNING - [HIGH] WAF Bypass found at http://testphp.vulnweb.com//admin
2025-12-23 09:02:28,246 - INFO - Attempting WAF bypass using: X-Forwarded Headers on http://testphp.vulnweb.com//admin
2025-12-23 09:02:28,951 - INFO - WAF bypass successful using X-Forwarded Headers: /cpanel
2025-12-23 09:02:28,951 - WARNING - [HIGH] WAF Bypass found at http://testphp.vulnweb.com//admin
2025-12-23 09:02:31,262 - INFO - Vulnerability report saved to vulnerability_report.json
2025-12-23 09:09:51,561 - INFO - Starting endpoint enumeration for http://testphp.vulnweb.com/index.php
2025-12-23 09:09:52,878 - INFO - Endpoint found: http://testphp.vulnweb.com/index.php/admin.php - Status: 200 - OK | 4958 bytes | Server: nginx/1.19.0
2025-12-23 09:09:57,295 - INFO - Endpoint found: http://testphp.vulnweb.com/index.php/login.php - Status: 200 - OK | 4958 bytes | Server: nginx/1.19.0
2025-12-23 09:10:07,577 - INFO - Endpoint found: http://testphp.vulnweb.com/index.php/phpinfo.php - Status: 200 - OK | 4958 bytes | Server: nginx/1.19.0
2025-12-23 09:10:08,458 - INFO - Endpoint found: http://testphp.vulnweb.com/index.php/config.php - Status: 200 - OK | 4958 bytes | Server: nginx/1.19.0
2025-12-23 09:10:14,596 - INFO - Endpoint found: http://testphp.vulnweb.com/index.php/adminer.php - Status: 200 - OK | 4958 bytes | Server: nginx/1.19.0
2025-12-23 09:10:19,647 - INFO - Enumeration complete. Found 5 interesting endpoints
2025-12-23 09:10:19,648 - WARNING - [MEDIUM] Endpoint Discovery found at http://testphp.vulnweb.com/index.php/admin.php
2025-12-23 09:10:19,648 - WARNING - [MEDIUM] Endpoint Discovery found at http://testphp.vulnweb.com/index.php/login.php
2025-12-23 09:10:19,648 - WARNING - [MEDIUM] Endpoint Discovery found at http://testphp.vulnweb.com/index.php/phpinfo.php
2025-12-23 09:10:19,648 - WARNING - [MEDIUM] Endpoint Discovery found at http://testphp.vulnweb.com/index.php/config.php
2025-12-23 09:10:19,648 - WARNING - [MEDIUM] Endpoint Discovery found at http://testphp.vulnweb.com/index.php/adminer.php
2025-12-25 21:03:28,467 - INFO - Starting endpoint enumeration for http://testphp.vulnweb.com/login.php
2025-12-25 21:03:31,835 - INFO - Endpoint found: http://testphp.vulnweb.com/login.php/admin.php - Status: 200 - OK | 5523 bytes | Server: nginx/1.19.0
2025-12-25 21:03:37,816 - INFO - Endpoint found: http://testphp.vulnweb.com/login.php/login.php - Status: 200 - OK | 5523 bytes | Server: nginx/1.19.0
2025-12-25 21:03:56,599 - INFO - Endpoint found: http://testphp.vulnweb.com/login.php/phpinfo.php - Status: 200 - OK | 5523 bytes | Server: nginx/1.19.0
2025-12-25 21:03:57,844 - INFO - Endpoint found: http://testphp.vulnweb.com/login.php/config.php - Status: 200 - OK | 5523 bytes | Server: nginx/1.19.0
2025-12-25 21:04:14,484 - INFO - Endpoint found: http://testphp.vulnweb.com/login.php/adminer.php - Status: 200 - OK | 5523 bytes | Server: nginx/1.19.0
2025-12-25 21:04:25,288 - INFO - Enumeration complete. Found 5 interesting endpoints
2025-12-25 21:04:25,289 - WARNING - [MEDIUM] Endpoint Discovery found at http://testphp.vulnweb.com/login.php/admin.php
2025-12-25 21:04:25,289 - WARNING - [MEDIUM] Endpoint Discovery found at http://testphp.vulnweb.com/login.php/login.php
2025-12-25 21:04:25,289 - WARNING - [MEDIUM] Endpoint Discovery found at http://testphp.vulnweb.com/login.php/phpinfo.php
2025-12-25 21:04:25,289 - WARNING - [MEDIUM] Endpoint Discovery found at http://testphp.vulnweb.com/login.php/config.php
2025-12-25 21:04:25,289 - WARNING - [MEDIUM] Endpoint Discovery found at http://testphp.vulnweb.com/login.php/adminer.php
